Added Member To Class: ClassName=MCU_CH340 Member=Component C? 100nF
Added Member To Class: ClassName=MCU_CH340 Member=Component C? 10uF
Added Member To Class: ClassName=MCU_CH340 Member=Component C? 100nF
Added Member To Class: ClassName=MCU_CH340 Member=Component C? 100nF
Added Member To Class: ClassName=MCU_CH340 Member=Component C? 100nF
Added Member To Class: ClassName=MCU_CH340 Member=Component C? 100nF
Added Member To Class: ClassName=MCU_CH340 Member=Component C? 22pF
Added Member To Class: ClassName=MCU_CH340 Member=Component C? 22uF
Added Member To Class: ClassName=MCU_CH340 Member=Component C? 100nF
Added Member To Class: ClassName=MCU_CH340 Member=Component C? 100nF
Added Member To Class: ClassName=MCU_CH340 Member=Component C? 100nF
Added Member To Class: ClassName=MCU_CH340 Member=Component C? 100nF
Added Member To Class: ClassName=MCU_CH340 Member=Component C? 10uF
Added Member To Class: ClassName=MCU_CH340 Member=Component C? 100nF
Added Member To Class: ClassName=MCU_CH340 Member=Component C? 100nF
Added Member To Class: ClassName=MCU_CH340 Member=Component C? 10uF
Added Member To Class: ClassName=MCU_CH340 Member=Component C? 22pF
Added Member To Class: ClassName=MCU_CH340 Member=Component C? 22pF
Added Member To Class: ClassName=MCU_CH340 Member=Component C? 22pF
Added Member To Class: ClassName=MCU_CH340 Member=Component C? 10uF
Added Member To Class: ClassName=MCU_CH340 Member=Component D? ES1006FL
Added Member To Class: ClassName=MCU_CH340 Member=Component D? led_mavi
Added Member To Class: ClassName=MCU_CH340 Member=Component D? ES1006FL
Added Member To Class: ClassName=MCU_CH340 Member=Component D? led_mavi
Added Member To Class: ClassName=MCU_CH340 Member=Component D?
Added Member To Class: ClassName=MCU_CH340 Member=Component P? 4'lu headers
Added Member To Class: ClassName=MCU_CH340 Member=Component R? 1K
Added Member To Class: ClassName=MCU_CH340 Member=Component R? 10K
Added Member To Class: ClassName=MCU_CH340 Member=Component R? 0
Added Member To Class: ClassName=MCU_CH340 Member=Component R? 1K
Added Member To Class: ClassName=MCU_CH340 Member=Component R? 10K
Added Member To Class: ClassName=MCU_CH340 Member=Component R? 10K
Added Member To Class: ClassName=MCU_CH340 Member=Component R? 0
Added Member To Class: ClassName=MCU_CH340 Member=Component R? 1K
Added Member To Class: ClassName=MCU_CH340 Member=Component R? 10K
Added Member To Class: ClassName=MCU_CH340 Member=Component R? 120
Added Member To Class: ClassName=MCU_CH340 Member=Component R? 1K
Added Member To Class: ClassName=MCU_CH340 Member=Component R? 1M
Added Member To Class: ClassName=MCU_CH340 Member=Component R? 0
Added Member To Class: ClassName=MCU_CH340 Member=Component R? 1M
Added Member To Class: ClassName=MCU_CH340 Member=Component U? ch340
Added Member To Class: ClassName=MCU_CH340 Member=Component U? MCP2551
Added Member To Class: ClassName=MCU_CH340 Member=Component U? stm32f103
Added Member To Class: ClassName=MCU_CH340 Member=Component X? 8Mhz_kristal
