Added Component: Designator=C?(0805_CAP)
Added Component: Designator=C?(0805_CAP)
Added Component: Designator=C?(0805_CAP)
Added Component: Designator=C?(0805_CAP)
Added Component: Designator=C?(0805_CAP)
Added Component: Designator=C?(0805_CAP)
Added Component: Designator=C?(0805_CAP)
Added Component: Designator=C?(0805_CAP)
Added Component: Designator=C?(0805_CAP)
Added Component: Designator=C?(0805_CAP)
Added Component: Designator=C?(0805_CAP)
Added Component: Designator=C?(0805_CAP)
Added Component: Designator=C?(0805_CAP)
Added Component: Designator=C?(0805_CAP)
Added Component: Designator=C?(0805_CAP)
Added Component: Designator=C?(0805_CAP)
Added Component: Designator=C?(0805_CAP)
Added Component: Designator=C?(0805_CAP)
Added Component: Designator=C?(0805_CAP)
Added Component: Designator=C?(0805_CAP)
Added Component: Designator=C?(0805_CAP)
Added Component: Designator=D?(ES1006FL)
Added Component: Designator=D?(led)
Added Component: Designator=D?(ES1006FL)
Added Component: Designator=D?(led)
Added Component: Designator=D?(led)
Added Component: Designator=D?(led)
Added Component: Designator=J?(USB A)
Added Component: Designator=P?(4'lu headers)
Added Component: Designator=P?(3'lu headers)
Added Component: Designator=R?(res_0805)
Added Component: Designator=R?(res_0805)
Added Component: Designator=R?(res_0805)
Added Component: Designator=R?(res_0805)
Added Component: Designator=R?(res_0805)
Added Component: Designator=R?(res_0805)
Added Component: Designator=R?(res_0805)
Added Component: Designator=R?(res_0805)
Added Component: Designator=R?(res_0805)
Added Component: Designator=R?(res_0805)
Added Component: Designator=R?(res_0805)
Added Component: Designator=R?(res_0805)
Added Component: Designator=R?(res_0805)
Added Component: Designator=R?(res_0805)
Added Component: Designator=R?(res_0805)
Added Component: Designator=U?(CH340 SOIC16)
Added Component: Designator=U?(ams1117)
Added Component: Designator=U?(SOIC-8)
Added Component: Designator=U?(STM32F103C6T8)
Added Component: Designator=X?(8mhz_kristal)
Added Component: Designator=X?(8mhz_kristal)
Added Pin To Net: NetName=+3.3 Pin=C?-2
Added Pin To Net: NetName=+3.3 Pin=C?-2
Added Pin To Net: NetName=+3.3 Pin=C?-2
Added Pin To Net: NetName=+3.3 Pin=C?-2
Added Pin To Net: NetName=+3.3 Pin=C?-2
Added Pin To Net: NetName=+3.3 Pin=C?-2
Added Pin To Net: NetName=+3.3 Pin=C?-2
Added Pin To Net: NetName=+3.3 Pin=C?-2
Added Pin To Net: NetName=+3.3 Pin=C?-2
Added Pin To Net: NetName=+3.3 Pin=C?-2
Added Pin To Net: NetName=+3.3 Pin=P?-4
Added Pin To Net: NetName=+3.3 Pin=R?-1
Added Pin To Net: NetName=+3.3 Pin=R?-1
Added Pin To Net: NetName=+3.3 Pin=R?-2
Added Pin To Net: NetName=+3.3 Pin=U?-2
Added Pin To Net: NetName=+3.3 Pin=U?-4
Added Pin To Net: NetName=+3.3 Pin=U?-9
Added Pin To Net: NetName=+3.3 Pin=U?-24
Added Pin To Net: NetName=+3.3 Pin=U?-36
Added Pin To Net: NetName=+3.3 Pin=U?-48
Added Net: Name=+3.3
Added Pin To Net: NetName=+5 Pin=C?-2
Added Pin To Net: NetName=+5 Pin=C?-2
Added Pin To Net: NetName=+5 Pin=D?-2
Added Pin To Net: NetName=+5 Pin=J?-1
Added Pin To Net: NetName=+5 Pin=R?-2
Added Pin To Net: NetName=+5 Pin=U?-3
Added Net: Name=+5
Added Pin To Net: NetName=BOOT0 Pin=R?-1
Added Pin To Net: NetName=BOOT0 Pin=U?-44
Added Net: Name=BOOT0
Added Pin To Net: NetName=BOOT1 Pin=R?-1
Added Pin To Net: NetName=BOOT1 Pin=U?-20
Added Net: Name=BOOT1
Added Pin To Net: NetName=CANH Pin=P?-1
Added Pin To Net: NetName=CANH Pin=R?-2
Added Pin To Net: NetName=CANH Pin=U?-7
Added Net: Name=CANH
Added Pin To Net: NetName=CANL Pin=P?-2
Added Pin To Net: NetName=CANL Pin=R?-1
Added Pin To Net: NetName=CANL Pin=U?-6
Added Net: Name=CANL
Added Pin To Net: NetName=CANRX Pin=U?-4
Added Pin To Net: NetName=CANRX Pin=U?-45
Added Net: Name=CANRX
Added Pin To Net: NetName=CANTX Pin=U?-1
Added Pin To Net: NetName=CANTX Pin=U?-46
Added Net: Name=CANTX
Added Pin To Net: NetName=D+ Pin=J?-3
Added Pin To Net: NetName=D+ Pin=U?-5
Added Net: Name=D+
Added Pin To Net: NetName=D- Pin=J?-2
Added Pin To Net: NetName=D- Pin=U?-6
Added Net: Name=D-
Added Pin To Net: NetName=GND Pin=C?-1
Added Pin To Net: NetName=GND Pin=C?-1
Added Pin To Net: NetName=GND Pin=C?-1
Added Pin To Net: NetName=GND Pin=C?-1
Added Pin To Net: NetName=GND Pin=C?-1
Added Pin To Net: NetName=GND Pin=C?-1
Added Pin To Net: NetName=GND Pin=C?-1
Added Pin To Net: NetName=GND Pin=C?-1
Added Pin To Net: NetName=GND Pin=C?-1
Added Pin To Net: NetName=GND Pin=C?-1
Added Pin To Net: NetName=GND Pin=C?-1
Added Pin To Net: NetName=GND Pin=C?-1
Added Pin To Net: NetName=GND Pin=C?-1
Added Pin To Net: NetName=GND Pin=C?-1
Added Pin To Net: NetName=GND Pin=C?-1
Added Pin To Net: NetName=GND Pin=C?-1
Added Pin To Net: NetName=GND Pin=C?-1
Added Pin To Net: NetName=GND Pin=C?-1
Added Pin To Net: NetName=GND Pin=C?-1
Added Pin To Net: NetName=GND Pin=C?-2
Added Pin To Net: NetName=GND Pin=D?-2
Added Pin To Net: NetName=GND Pin=D?-2
Added Pin To Net: NetName=GND Pin=J?-4
Added Pin To Net: NetName=GND Pin=J?-4
Added Pin To Net: NetName=GND Pin=J?-4
Added Pin To Net: NetName=GND Pin=P?-2
Added Pin To Net: NetName=GND Pin=P?-3
Added Pin To Net: NetName=GND Pin=R?-2
Added Pin To Net: NetName=GND Pin=R?-2
Added Pin To Net: NetName=GND Pin=R?-2
Added Pin To Net: NetName=GND Pin=U?-1
Added Pin To Net: NetName=GND Pin=U?-1
Added Pin To Net: NetName=GND Pin=U?-2
Added Pin To Net: NetName=GND Pin=U?-8
Added Pin To Net: NetName=GND Pin=U?-23
Added Pin To Net: NetName=GND Pin=U?-35
Added Pin To Net: NetName=GND Pin=U?-47
Added Pin To Net: NetName=GND Pin=U?-49
Added Net: Name=GND
Added Pin To Net: NetName=LED Pin=R?-2
Added Pin To Net: NetName=LED Pin=U?-2
Added Net: Name=LED
Added Pin To Net: NetName=NetC?_1 Pin=C?-1
Added Pin To Net: NetName=NetC?_1 Pin=R?-1
Added Net: Name=NetC?_1
Added Pin To Net: NetName=NetC?_2 Pin=C?-2
Added Pin To Net: NetName=NetC?_2 Pin=R?-2
Added Pin To Net: NetName=NetC?_2 Pin=U?-4
Added Net: Name=NetC?_2
Added Pin To Net: NetName=NetD?_1 Pin=D?-1
Added Pin To Net: NetName=NetD?_1 Pin=R?-2
Added Net: Name=NetD?_1
Added Pin To Net: NetName=NetR?_1 Pin=R?-1
Added Pin To Net: NetName=NetR?_1 Pin=U?-8
Added Net: Name=NetR?_1
Added Pin To Net: NetName=OSC_IN Pin=C?-2
Added Pin To Net: NetName=OSC_IN Pin=R?-2
Added Pin To Net: NetName=OSC_IN Pin=U?-5
Added Pin To Net: NetName=OSC_IN Pin=X?-2
Added Net: Name=OSC_IN
Added Pin To Net: NetName=OSC_OUT Pin=C?-2
Added Pin To Net: NetName=OSC_OUT Pin=R?-1
Added Pin To Net: NetName=OSC_OUT Pin=U?-6
Added Pin To Net: NetName=OSC_OUT Pin=X?-1
Added Net: Name=OSC_OUT
Added Pin To Net: NetName=RST Pin=C?-1
Added Pin To Net: NetName=RST Pin=R?-2
Added Pin To Net: NetName=RST Pin=R?-2
Added Pin To Net: NetName=RST Pin=U?-7
Added Net: Name=RST
Added Pin To Net: NetName=RX Pin=D?-2
Added Pin To Net: NetName=RX Pin=U?-2
Added Pin To Net: NetName=RX Pin=U?-31
Added Net: Name=RX
Added Pin To Net: NetName=SWCLK Pin=P?-3
Added Pin To Net: NetName=SWCLK Pin=U?-37
Added Net: Name=SWCLK
Added Pin To Net: NetName=SWDIO Pin=P?-1
Added Pin To Net: NetName=SWDIO Pin=U?-34
Added Net: Name=SWDIO
Added Pin To Net: NetName=TX Pin=D?-2
Added Pin To Net: NetName=TX Pin=U?-3
Added Pin To Net: NetName=TX Pin=U?-30
Added Net: Name=TX
Added Pin To Net: NetName=XI Pin=C?-2
Added Pin To Net: NetName=XI Pin=R?-1
Added Pin To Net: NetName=XI Pin=U?-7
Added Pin To Net: NetName=XI Pin=X?-1
Added Net: Name=XI
Added Pin To Net: NetName=XO Pin=C?-2
Added Pin To Net: NetName=XO Pin=R?-2
Added Pin To Net: NetName=XO Pin=U?-8
Added Pin To Net: NetName=XO Pin=X?-2
Added Net: Name=XO
Added Class: Name=MCU_CH340
Added Room: Name=MCU_CH340
